c:\users\guanshenyuan\desktop\apibreakpoint\output\apibreakpoint.lib
c:\users\guanshenyuan\desktop\apibreakpoint\output\apibreakpoint.exp
d:\workspace\apibreakpoint\apibreakpoint\output\apibreakpoint.lib
d:\workspace\apibreakpoint\apibreakpoint\output\apibreakpoint.exp
c:\users\guanshenyuan\desktop\apibreakpoint\apibreakpoint\x64\debug\vc141.pdb
c:\users\guanshenyuan\desktop\apibreakpoint\apibreakpoint\x64\debug\vc141.idb
c:\users\guanshenyuan\desktop\apibreakpoint\apibreakpoint\x64\debug\pluginmain.obj
c:\users\guanshenyuan\desktop\apibreakpoint\apibreakpoint\x64\debug\plugin.obj
d:\workspace\apibreakpoint\apibreakpoint\apibreakpoint\x64\debug\vc141.pdb
d:\workspace\apibreakpoint\apibreakpoint\apibreakpoint\x64\debug\vc141.idb
d:\workspace\apibreakpoint\apibreakpoint\apibreakpoint\x64\debug\pluginmain.obj
d:\workspace\apibreakpoint\apibreakpoint\apibreakpoint\x64\debug\plugin.obj
c:\users\guanshenyuan\desktop\apibreakpoint\output\apibreakpoint.ilk
c:\users\guanshenyuan\desktop\apibreakpoint\output\apibreakpoint.dp64
c:\users\guanshenyuan\desktop\apibreakpoint\output\apibreakpoint.pdb
d:\workspace\apibreakpoint\apibreakpoint\output\apibreakpoint.dp64
d:\workspace\apibreakpoint\apibreakpoint\output\apibreakpoint.ilk
d:\workspace\apibreakpoint\apibreakpoint\output\apibreakpoint.pdb
d:\workspace\apibreakpoint\apibreakpoint\apibreakpoint\x64\debug\apibreakpoint.tlog\apibreakpoint.write.1u.tlog
d:\workspace\apibreakpoint\apibreakpoint\apibreakpoint\x64\debug\apibreakpoint.tlog\cl.command.1.tlog
d:\workspace\apibreakpoint\apibreakpoint\apibreakpoint\x64\debug\apibreakpoint.tlog\cl.read.1.tlog
d:\workspace\apibreakpoint\apibreakpoint\apibreakpoint\x64\debug\apibreakpoint.tlog\cl.write.1.tlog
d:\workspace\apibreakpoint\apibreakpoint\apibreakpoint\x64\debug\apibreakpoint.tlog\link.command.1.tlog
d:\workspace\apibreakpoint\apibreakpoint\apibreakpoint\x64\debug\apibreakpoint.tlog\link.read.1.tlog
d:\workspace\apibreakpoint\apibreakpoint\apibreakpoint\x64\debug\apibreakpoint.tlog\link.write.1.tlog
